This is pdfTeX, Version 3.14159265-2.6-1.40.18 (TeX Live 2017) (preloaded format=pdflatex 2017.5.23)  14 APR 2018 14:07
entering extended mode
 restricted \write18 enabled.
 %&-line parsing enabled.
**main.tex
(./main.tex
LaTeX2e <2017-04-15>
Babel <3.10> and hyphenation patterns for 84 language(s) loaded.
(./ieeeconf.cls
Document Class: ieeeconf 2004/1/15 revision V1.6b by Pradeep Misra
\@IEEEtrantmpdimenA=\dimen102
\@IEEEtrantmpdimenB=\dimen103
\@IEEEtrantmpcountA=\count79
\@IEEEtrantmpcountB=\count80
\@IEEEtrantmptoksA=\toks14
LaTeX Font Info:    Try loading font information for OT1+ptm on input line 792.

(/usr/local/texlive/2017/texmf-dist/tex/latex/psnfss/ot1ptm.fd
File: ot1ptm.fd 2001/06/04 font definitions for OT1/ptm.
)
\@IEEEnormalsizefontbaselineskip=\skip41

-- This is a 10 point document.
\normalsizebaselineskip=\skip42
\normaljot=\skip43
LaTeX Font Info:    Font shape `OT1/ptm/bx/n' in size <5> not available
(Font)              Font shape `OT1/ptm/b/n' tried instead on input line 1111.
LaTeX Font Info:    Font shape `OT1/ptm/bx/it' in size <5> not available
(Font)              Font shape `OT1/ptm/b/it' tried instead on input line 1111.

LaTeX Font Info:    Font shape `OT1/ptm/bx/n' in size <7> not available
(Font)              Font shape `OT1/ptm/b/n' tried instead on input line 1111.
LaTeX Font Info:    Font shape `OT1/ptm/bx/it' in size <7> not available
(Font)              Font shape `OT1/ptm/b/it' tried instead on input line 1111.

LaTeX Font Info:    Font shape `OT1/ptm/bx/n' in size <8> not available
(Font)              Font shape `OT1/ptm/b/n' tried instead on input line 1111.
LaTeX Font Info:    Font shape `OT1/ptm/bx/it' in size <8> not available
(Font)              Font shape `OT1/ptm/b/it' tried instead on input line 1111.

LaTeX Font Info:    Font shape `OT1/ptm/bx/n' in size <9> not available
(Font)              Font shape `OT1/ptm/b/n' tried instead on input line 1111.
LaTeX Font Info:    Font shape `OT1/ptm/bx/it' in size <9> not available
(Font)              Font shape `OT1/ptm/b/it' tried instead on input line 1111.

LaTeX Font Info:    Font shape `OT1/ptm/bx/n' in size <10> not available
(Font)              Font shape `OT1/ptm/b/n' tried instead on input line 1111.
LaTeX Font Info:    Font shape `OT1/ptm/bx/it' in size <10> not available
(Font)              Font shape `OT1/ptm/b/it' tried instead on input line 1111.

LaTeX Font Info:    Font shape `OT1/ptm/bx/n' in size <11> not available
(Font)              Font shape `OT1/ptm/b/n' tried instead on input line 1111.
LaTeX Font Info:    Font shape `OT1/ptm/bx/it' in size <11> not available
(Font)              Font shape `OT1/ptm/b/it' tried instead on input line 1111.

LaTeX Font Info:    Font shape `OT1/ptm/bx/n' in size <12> not available
(Font)              Font shape `OT1/ptm/b/n' tried instead on input line 1111.
LaTeX Font Info:    Font shape `OT1/ptm/bx/it' in size <12> not available
(Font)              Font shape `OT1/ptm/b/it' tried instead on input line 1111.

LaTeX Font Info:    Font shape `OT1/ptm/bx/n' in size <16> not available
(Font)              Font shape `OT1/ptm/b/n' tried instead on input line 1111.
LaTeX Font Info:    Font shape `OT1/ptm/bx/it' in size <16> not available
(Font)              Font shape `OT1/ptm/b/it' tried instead on input line 1111.

LaTeX Font Info:    Font shape `OT1/ptm/bx/n' in size <20> not available
(Font)              Font shape `OT1/ptm/b/n' tried instead on input line 1111.
LaTeX Font Info:    Font shape `OT1/ptm/bx/it' in size <20> not available
(Font)              Font shape `OT1/ptm/b/it' tried instead on input line 1111.

LaTeX Font Info:    Font shape `OT1/ptm/bx/n' in size <24> not available
(Font)              Font shape `OT1/ptm/b/n' tried instead on input line 1111.
LaTeX Font Info:    Font shape `OT1/ptm/bx/it' in size <24> not available
(Font)              Font shape `OT1/ptm/b/it' tried instead on input line 1111.

\IEEEilabelindentA=\dimen104
\IEEEilabelindentB=\dimen105
\IEEEilabelindent=\dimen106
\IEEEelabelindent=\dimen107
\IEEEdlabelindent=\dimen108
\labelindent=\dimen109
\IEEEiednormlabelsep=\dimen110
\IEEEiedmathlabelsep=\dimen111
\IEEEiedtopsep=\skip44
\c@section=\count81
\c@subsection=\count82
\c@subsubsection=\count83
\c@paragraph=\count84
\c@IEEEsubequation=\count85
\abovecaptionskip=\skip45
\belowcaptionskip=\skip46
\c@figure=\count86
\c@table=\count87
\@IEEEeqnnumcols=\count88
\@IEEEeqncolcnt=\count89
\@IEEEtmpitemindent=\dimen112
\c@biography=\count90
\@IEEEtranrubishbin=\box26
)
** ATTENTION: Overriding command lockouts (line 10).
** ATTENTION: Overriding IEEE standard margins (line 13).
(./main.aux)
\openout1 = `main.aux'.

LaTeX Font Info:    Checking defaults for OML/cmm/m/it on input line 51.
LaTeX Font Info:    ... okay on input line 51.
LaTeX Font Info:    Checking defaults for T1/cmr/m/n on input line 51.
LaTeX Font Info:    ... okay on input line 51.
LaTeX Font Info:    Checking defaults for OT1/cmr/m/n on input line 51.
LaTeX Font Info:    ... okay on input line 51.
LaTeX Font Info:    Checking defaults for OMS/cmsy/m/n on input line 51.
LaTeX Font Info:    ... okay on input line 51.
LaTeX Font Info:    Checking defaults for OMX/cmex/m/n on input line 51.
LaTeX Font Info:    ... okay on input line 51.
LaTeX Font Info:    Checking defaults for U/cmr/m/n on input line 51.
LaTeX Font Info:    ... okay on input line 51.
LaTeX Font Info:    External font `cmex10' loaded for size
(Font)              <8> on input line 55.
LaTeX Font Info:    External font `cmex10' loaded for size
(Font)              <6> on input line 55.
LaTeX Font Info:    External font `cmex10' loaded for size
(Font)              <5> on input line 55.


LaTeX Warning: Citation `RedBlackDoc' on page 1 undefined on input line 63.


LaTeX Warning: Citation `RedBlackDoc' on page 1 undefined on input line 63.


LaTeX Warning: Citation `RedBlackDoc' on page 1 undefined on input line 63.


LaTeX Warning: Citation `RedBlackDoc' on page 1 undefined on input line 69.


LaTeX Warning: Citation `BottomUpRBD' on page 1 undefined on input line 70.


Underfull \hbox (badness 3471) in paragraph at lines 69--71
\OT1/ptm/m/n/10 func-tions, all ex-e-cuted uti-liz-ing single-word compare-
 []


Underfull \hbox (badness 3354) in paragraph at lines 69--71
\OT1/ptm/m/n/10 and-swap in-struc-tions. The data struc-ture's con-cur-rent
 []


Underfull \hbox (badness 1577) in paragraph at lines 69--71
\OT1/ptm/m/n/10 im-ple-men-ta-tion em-ploys the use of ``win-dows'', which
 []


Underfull \hbox (badness 10000) in paragraph at lines 69--71

 []


Underfull \hbox (badness 1694) in paragraph at lines 69--71
\OT1/ptm/m/it/10 Related Work:  \OT1/ptm/m/n/10 There have been a few more re-c
ent
 []


LaTeX Warning: Citation `RedBlackDoc' on page 1 undefined on input line 73.


LaTeX Warning: Citation `RedBlackDoc' on page 1 undefined on input line 75.

[1{/usr/local/texlive/2017/texmf-var/fonts/map/pdftex/updmap/pdftex.map}


]
LaTeX Font Info:    External font `cmex10' loaded for size
(Font)              <7> on input line 98.
Missing character: There is no √ in font ptmr7t!
Missing character: There is no í in font ptmr7t!
Missing character: There is no √ in font ptmr7t!
Missing character: There is no í in font ptmr7t!
Missing character: There is no √ in font ptmr7t!
Missing character: There is no í in font ptmr7t!
Missing character: There is no √ in font ptmr7t!
Missing character: There is no í in font ptmr7t!
Missing character: There is no √ in font ptmr7t!
Missing character: There is no í in font ptmr7t!
Missing character: There is no √ in font ptmr7t!
Missing character: There is no í in font ptmr7t!
Missing character: There is no √ in font ptmr7t!
Missing character: There is no í in font ptmr7t!
Missing character: There is no √ in font ptmr7t!
Missing character: There is no í in font ptmr7t!
Missing character: There is no √ in font ptmr7t!
Missing character: There is no í in font ptmr7t!
Missing character: There is no √ in font ptmr7t!
Missing character: There is no í in font ptmr7t!
Missing character: There is no √ in font ptmr7t!
Missing character: There is no í in font ptmr7t!
Missing character: There is no √ in font ptmr7t!
Missing character: There is no í in font ptmr7t!
Missing character: There is no √ in font ptmr7t!
Missing character: There is no í in font ptmr7t!
Missing character: There is no √ in font ptmr7t!
Missing character: There is no í in font ptmr7t!
Missing character: There is no √ in font ptmr7t!
Missing character: There is no í in font ptmr7t!
Missing character: There is no √ in font ptmr7t!
Missing character: There is no í in font ptmr7t!
Missing character: There is no √ in font ptmr7t!
Missing character: There is no í in font ptmr7t!
Missing character: There is no √ in font ptmr7t!
Missing character: There is no í in font ptmr7t!
Missing character: There is no √ in font ptmr7t!
Missing character: There is no í in font ptmr7t!
Missing character: There is no √ in font ptmr7t!
Missing character: There is no í in font ptmr7t!
Missing character: There is no √ in font ptmr7t!
Missing character: There is no í in font ptmr7t!
Missing character: There is no √ in font ptmr7t!
Missing character: There is no í in font ptmr7t!
Missing character: There is no √ in font ptmr7t!
Missing character: There is no í in font ptmr7t!
Missing character: There is no √ in font ptmr7t!
Missing character: There is no í in font ptmr7t!
Missing character: There is no √ in font ptmr7t!
Missing character: There is no í in font ptmr7t!
Missing character: There is no √ in font ptmr7t!
Missing character: There is no í in font ptmr7t!
Missing character: There is no √ in font ptmr7t!
Missing character: There is no í in font ptmr7t!
Missing character: There is no √ in font ptmr7t!
Missing character: There is no í in font ptmr7t!
Missing character: There is no √ in font ptmr7t!
Missing character: There is no í in font ptmr7t!
Missing character: There is no √ in font ptmr7t!
Missing character: There is no í in font ptmr7t!
Missing character: There is no √ in font ptmr7t!
Missing character: There is no í in font ptmr7t!
Missing character: There is no √ in font ptmr7t!
Missing character: There is no í in font ptmr7t!
Missing character: There is no √ in font ptmr7t!
Missing character: There is no í in font ptmr7t!
Missing character: There is no √ in font ptmr7t!
Missing character: There is no í in font ptmr7t!
Missing character: There is no √ in font ptmr7t!
Missing character: There is no í in font ptmr7t!
Missing character: There is no √ in font ptmr7t!
Missing character: There is no í in font ptmr7t!
Missing character: There is no √ in font ptmr7t!
Missing character: There is no í in font ptmr7t!
Missing character: There is no √ in font ptmr7t!
Missing character: There is no í in font ptmr7t!
Missing character: There is no √ in font ptmr7t!
Missing character: There is no í in font ptmr7t!
Missing character: There is no √ in font ptmr7t!
Missing character: There is no í in font ptmr7t!
Missing character: There is no √ in font ptmr7t!
Missing character: There is no í in font ptmr7t!
Missing character: There is no √ in font ptmr7t!
Missing character: There is no í in font ptmr7t!

[2]
Missing character: There is no √ in font ptmr7t!
Missing character: There is no í in font ptmr7t!
Missing character: There is no √ in font ptmr7t!
Missing character: There is no í in font ptmr7t!
Missing character: There is no √ in font ptmr7t!
Missing character: There is no í in font ptmr7t!
Missing character: There is no √ in font ptmr7t!
Missing character: There is no í in font ptmr7t!
Missing character: There is no √ in font ptmr7t!
Missing character: There is no í in font ptmr7t!
Missing character: There is no √ in font ptmr7t!
Missing character: There is no í in font ptmr7t!
Missing character: There is no √ in font ptmr7t!
Missing character: There is no í in font ptmr7t!
Missing character: There is no √ in font ptmr7t!
Missing character: There is no í in font ptmr7t!
Missing character: There is no √ in font ptmr7t!
Missing character: There is no í in font ptmr7t!
Missing character: There is no √ in font ptmr7t!
Missing character: There is no í in font ptmr7t!
Missing character: There is no √ in font ptmr7t!
Missing character: There is no í in font ptmr7t!
Missing character: There is no √ in font ptmr7t!
Missing character: There is no í in font ptmr7t!
Missing character: There is no √ in font ptmr7t!
Missing character: There is no í in font ptmr7t!
Missing character: There is no √ in font ptmr7t!
Missing character: There is no í in font ptmr7t!
Missing character: There is no √ in font ptmr7t!
Missing character: There is no í in font ptmr7t!
Missing character: There is no √ in font ptmr7t!
Missing character: There is no í in font ptmr7t!
Missing character: There is no √ in font ptmr7t!
Missing character: There is no í in font ptmr7t!
Missing character: There is no √ in font ptmr7t!
Missing character: There is no í in font ptmr7t!
Missing character: There is no √ in font ptmr7t!
Missing character: There is no ë in font ptmr7t!
Missing character: There is no √ in font ptmr7t!
Missing character: There is no í in font ptmr7t!
Missing character: There is no √ in font ptmr7t!
Missing character: There is no ë in font ptmr7t!
Missing character: There is no √ in font ptmr7t!
Missing character: There is no í in font ptmr7t!
Missing character: There is no √ in font ptmr7t!
Missing character: There is no ê in font ptmr7t!
Missing character: There is no √ in font ptmr7t!
Missing character: There is no í in font ptmr7t!
Missing character: There is no √ in font ptmr7t!
Missing character: There is no ë in font ptmr7t!
Missing character: There is no √ in font ptmr7t!
Missing character: There is no ê in font ptmr7t!
Missing character: There is no √ in font ptmr7t!
Missing character: There is no í in font ptmr7t!
Missing character: There is no √ in font ptmr7t!
Missing character: There is no ê in font ptmr7t!
Missing character: There is no √ in font ptmr7t!
Missing character: There is no í in font ptmr7t!
Missing character: There is no √ in font ptmr7t!
Missing character: There is no ê in font ptmr7t!
Missing character: There is no √ in font ptmr7t!
Missing character: There is no í in font ptmr7t!
Missing character: There is no √ in font ptmr7t!
Missing character: There is no ê in font ptmr7t!
Missing character: There is no √ in font ptmr7t!
Missing character: There is no í in font ptmr7t!
Missing character: There is no √ in font ptmr7t!
Missing character: There is no ê in font ptmr7t!
Missing character: There is no √ in font ptmr7t!
Missing character: There is no í in font ptmr7t!
Missing character: There is no √ in font ptmr7t!
Missing character: There is no ê in font ptmr7t!
Missing character: There is no √ in font ptmr7t!
Missing character: There is no í in font ptmr7t!
Missing character: There is no √ in font ptmr7t!
Missing character: There is no ê in font ptmr7t!
Missing character: There is no √ in font ptmr7t!
Missing character: There is no í in font ptmr7t!
Missing character: There is no √ in font ptmr7t!
Missing character: There is no í in font ptmr7t!
Missing character: There is no √ in font ptmr7t!
Missing character: There is no í in font ptmr7t!
 [3]
Missing character: There is no √ in font ptmr7t!
Missing character: There is no í in font ptmr7t!


** Conference Paper **
Before submitting the final camera ready copy, remember to:

 1. Manually equalize the lengths of two columns on the last page
 of your paper;

 2. Ensure that any PostScript and/or PDF output post-processing
 uses only Type 1 fonts and that every step in the generation
 process uses the US letter (8.5in X 11in) paper size.

[4

] (./main.aux)

LaTeX Warning: There were undefined references.

 ) 
Here is how much of TeX's memory you used:
 833 strings out of 492995
 13488 string characters out of 6132704
 77337 words of memory out of 5000000
 4452 multiletter control sequences out of 15000+600000
 38197 words of font info for 72 fonts, out of 8000000 for 9000
 1141 hyphenation exceptions out of 8191
 26i,8n,20p,1632b,283s stack positions out of 5000i,500n,10000p,200000b,80000s
{/usr/local/texlive/2017/texmf-dist/fonts/enc/dvips/base/8r.enc}</usr/local/t
exlive/2017/texmf-dist/fonts/type1/public/amsfonts/cm/cmmi10.pfb></usr/local/te
xlive/2017/texmf-dist/fonts/type1/public/amsfonts/cm/cmr10.pfb></usr/local/texl
ive/2017/texmf-dist/fonts/type1/public/amsfonts/cm/cmr6.pfb></usr/local/texlive
/2017/texmf-dist/fonts/type1/public/amsfonts/cm/cmsy10.pfb></usr/local/texlive/
2017/texmf-dist/fonts/type1/public/amsfonts/cm/cmsy7.pfb></usr/local/texlive/20
17/texmf-dist/fonts/type1/urw/times/utmb8a.pfb></usr/local/texlive/2017/texmf-d
ist/fonts/type1/urw/times/utmbi8a.pfb></usr/local/texlive/2017/texmf-dist/fonts
/type1/urw/times/utmr8a.pfb></usr/local/texlive/2017/texmf-dist/fonts/type1/urw
/times/utmri8a.pfb>
Output written on main.pdf (4 pages, 109339 bytes).
PDF statistics:
 54 PDF objects out of 1000 (max. 8388607)
 38 compressed objects within 1 object stream
 0 named destinations out of 1000 (max. 500000)
 1 words of extra memory for PDF output out of 10000 (max. 10000000)

